0 info it worked if it ends with ok
1 verbose cli [ 'C:\\Program Files\\nodejs\\\\node.exe',
1 verbose cli   'C:\\Program Files\\nodejs\\node_modules\\npm\\bin\\npm-cli.js',
1 verbose cli   'install',
1 verbose cli   '--save',
1 verbose cli   'bcrypt-node;' ]
2 info using npm@1.4.28
3 info using node@v0.10.33
4 verbose node symlink C:\Program Files\nodejs\\node.exe
5 warn package.json jwt@0.0.0 No repository field.
6 warn package.json jwt@0.0.0 No README data
7 verbose readDependencies using package.json deps
8 verbose cache add [ 'bcrypt-node;', null ]
9 verbose cache add name=undefined spec="bcrypt-node;" args=["bcrypt-node;",null]
10 verbose parsed url { protocol: null,
10 verbose parsed url   slashes: null,
10 verbose parsed url   auth: null,
10 verbose parsed url   host: null,
10 verbose parsed url   port: null,
10 verbose parsed url   hostname: null,
10 verbose parsed url   hash: null,
10 verbose parsed url   search: null,
10 verbose parsed url   query: null,
10 verbose parsed url   pathname: 'bcrypt-node;',
10 verbose parsed url   path: 'bcrypt-node;',
10 verbose parsed url   href: 'bcrypt-node;' }
11 silly lockFile 28f38213-bcrypt-node bcrypt-node;
12 verbose lock bcrypt-node; C:\Users\Richard\AppData\Roaming\npm-cache\28f38213-bcrypt-node.lock
13 silly lockFile 28f38213-bcrypt-node bcrypt-node;
14 silly lockFile 28f38213-bcrypt-node bcrypt-node;
15 verbose addNamed [ 'bcrypt-node;', '' ]
16 verbose addNamed [ null, '*' ]
17 silly lockFile 7ff8d59d-bcrypt-node bcrypt-node;@
18 verbose lock bcrypt-node;@ C:\Users\Richard\AppData\Roaming\npm-cache\7ff8d59d-bcrypt-node.lock
19 silly addNameRange { name: 'bcrypt-node;', range: '*', hasData: false }
20 verbose request where is /bcrypt-node;
21 verbose request registry https://registry.npmjs.org/
22 verbose request id 7b9d3adeed3d1f5f
23 verbose url raw /bcrypt-node;
24 verbose url resolving [ 'https://registry.npmjs.org/', './bcrypt-node%3B' ]
25 verbose url resolved https://registry.npmjs.org/bcrypt-node%3B
26 verbose request where is https://registry.npmjs.org/bcrypt-node%3B
27 info trying registry request attempt 1 at 23:07:16
28 http GET https://registry.npmjs.org/bcrypt-node%3B
29 http 404 https://registry.npmjs.org/bcrypt-node%3B
30 verbose headers { date: 'Mon, 15 Dec 2014 22:07:02 GMT',
30 verbose headers   server: 'CouchDB/1.5.0 (Erlang OTP/R16B03)',
30 verbose headers   'content-type': 'application/json',
30 verbose headers   'cache-control': 'max-age=0',
30 verbose headers   'content-length': '52',
30 verbose headers   'accept-ranges': 'bytes',
30 verbose headers   via: '1.1 varnish',
30 verbose headers   age: '0',
30 verbose headers   'x-served-by': 'cache-fra1226-FRA',
30 verbose headers   'x-cache': 'MISS',
30 verbose headers   'x-cache-hits': '0',
30 verbose headers   'x-timer': 'S1418681221.801887,VS0,VE425',
30 verbose headers   'keep-alive': 'timeout=10, max=50',
30 verbose headers   connection: 'Keep-Alive' }
31 silly registry.get cb [ 404,
31 silly registry.get   { date: 'Mon, 15 Dec 2014 22:07:02 GMT',
31 silly registry.get     server: 'CouchDB/1.5.0 (Erlang OTP/R16B03)',
31 silly registry.get     'content-type': 'application/json',
31 silly registry.get     'cache-control': 'max-age=0',
31 silly registry.get     'content-length': '52',
31 silly registry.get     'accept-ranges': 'bytes',
31 silly registry.get     via: '1.1 varnish',
31 silly registry.get     age: '0',
31 silly registry.get     'x-served-by': 'cache-fra1226-FRA',
31 silly registry.get     'x-cache': 'MISS',
31 silly registry.get     'x-cache-hits': '0',
31 silly registry.get     'x-timer': 'S1418681221.801887,VS0,VE425',
31 silly registry.get     'keep-alive': 'timeout=10, max=50',
31 silly registry.get     connection: 'Keep-Alive' } ]
32 silly lockFile 7ff8d59d-bcrypt-node bcrypt-node;@
33 silly lockFile 7ff8d59d-bcrypt-node bcrypt-node;@
34 error 404 404 Not Found: bcrypt-node%3B
34 error 404
34 error 404 'bcrypt-node%3B' is not in the npm registry.
34 error 404 You should bug the author to publish it
34 error 404 It was specified as a dependency of 'jwt'
34 error 404
34 error 404 Note that you can also install from a
34 error 404 tarball, folder, or http url, or git url.
35 error System Windows_NT 6.2.9200
36 error command "C:\\Program Files\\nodejs\\\\node.exe" "C:\\Program Files\\nodejs\\node_modules\\npm\\bin\\npm-cli.js" "install" "--save" "bcrypt-node;"
37 error cwd C:\Dev\pluralsight\jwt\jwt
38 error node -v v0.10.33
39 error npm -v 1.4.28
40 error code E404
41 verbose exit [ 1, true ]
