0 info it worked if it ends with ok
1 verbose cli [ 'C:\\Program Files\\nodejs\\\\node.exe',
1 verbose cli   'C:\\Program Files\\nodejs\\node_modules\\npm\\bin\\npm-cli.js',
1 verbose cli   'install',
1 verbose cli   'qerystring',
1 verbose cli   '--save' ]
2 info using npm@1.4.28
3 info using node@v0.10.33
4 verbose node symlink C:\Program Files\nodejs\\node.exe
5 warn package.json jwt-server@0.0.0 No repository field.
6 verbose readDependencies using package.json deps
7 verbose cache add [ 'qerystring', null ]
8 verbose cache add name=undefined spec="qerystring" args=["qerystring",null]
9 verbose parsed url { protocol: null,
9 verbose parsed url   slashes: null,
9 verbose parsed url   auth: null,
9 verbose parsed url   host: null,
9 verbose parsed url   port: null,
9 verbose parsed url   hostname: null,
9 verbose parsed url   hash: null,
9 verbose parsed url   search: null,
9 verbose parsed url   query: null,
9 verbose parsed url   pathname: 'qerystring',
9 verbose parsed url   path: 'qerystring',
9 verbose parsed url   href: 'qerystring' }
10 silly lockFile 5cda975f-qerystring qerystring
11 verbose lock qerystring C:\Users\Richard\AppData\Roaming\npm-cache\5cda975f-qerystring.lock
12 silly lockFile 5cda975f-qerystring qerystring
13 silly lockFile 5cda975f-qerystring qerystring
14 verbose addNamed [ 'qerystring', '' ]
15 verbose addNamed [ null, '*' ]
16 silly lockFile 60250e29-qerystring qerystring@
17 verbose lock qerystring@ C:\Users\Richard\AppData\Roaming\npm-cache\60250e29-qerystring.lock
18 silly addNameRange { name: 'qerystring', range: '*', hasData: false }
19 verbose request where is /qerystring
20 verbose request registry https://registry.npmjs.org/
21 verbose request id 7a0aacef265e0327
22 verbose url raw /qerystring
23 verbose url resolving [ 'https://registry.npmjs.org/', './qerystring' ]
24 verbose url resolved https://registry.npmjs.org/qerystring
25 verbose request where is https://registry.npmjs.org/qerystring
26 info trying registry request attempt 1 at 08:28:23
27 http GET https://registry.npmjs.org/qerystring
28 http 404 https://registry.npmjs.org/qerystring
29 verbose headers { date: 'Sat, 27 Dec 2014 07:28:22 GMT',
29 verbose headers   server: 'CouchDB/1.5.0 (Erlang OTP/R16B03)',
29 verbose headers   'content-type': 'application/json',
29 verbose headers   'cache-control': 'max-age=0',
29 verbose headers   'content-length': '52',
29 verbose headers   'accept-ranges': 'bytes',
29 verbose headers   via: '1.1 varnish',
29 verbose headers   age: '0',
29 verbose headers   'x-served-by': 'cache-fra1244-FRA',
29 verbose headers   'x-cache': 'MISS',
29 verbose headers   'x-cache-hits': '0',
29 verbose headers   'x-timer': 'S1419665301.301360,VS0,VE717',
29 verbose headers   'keep-alive': 'timeout=10, max=50',
29 verbose headers   connection: 'Keep-Alive' }
30 silly registry.get cb [ 404,
30 silly registry.get   { date: 'Sat, 27 Dec 2014 07:28:22 GMT',
30 silly registry.get     server: 'CouchDB/1.5.0 (Erlang OTP/R16B03)',
30 silly registry.get     'content-type': 'application/json',
30 silly registry.get     'cache-control': 'max-age=0',
30 silly registry.get     'content-length': '52',
30 silly registry.get     'accept-ranges': 'bytes',
30 silly registry.get     via: '1.1 varnish',
30 silly registry.get     age: '0',
30 silly registry.get     'x-served-by': 'cache-fra1244-FRA',
30 silly registry.get     'x-cache': 'MISS',
30 silly registry.get     'x-cache-hits': '0',
30 silly registry.get     'x-timer': 'S1419665301.301360,VS0,VE717',
30 silly registry.get     'keep-alive': 'timeout=10, max=50',
30 silly registry.get     connection: 'Keep-Alive' } ]
31 silly lockFile 60250e29-qerystring qerystring@
32 silly lockFile 60250e29-qerystring qerystring@
33 error 404 404 Not Found: qerystring
33 error 404
33 error 404 'qerystring' is not in the npm registry.
33 error 404 You should bug the author to publish it
33 error 404 It was specified as a dependency of 'jwt-server'
33 error 404
33 error 404 Note that you can also install from a
33 error 404 tarball, folder, or http url, or git url.
34 error System Windows_NT 6.2.9200
35 error command "C:\\Program Files\\nodejs\\\\node.exe" "C:\\Program Files\\nodejs\\node_modules\\npm\\bin\\npm-cli.js" "install" "qerystring" "--save"
36 error cwd C:\Dev\pluralsight\jwt\jwt-server
37 error node -v v0.10.33
38 error npm -v 1.4.28
39 error code E404
40 verbose exit [ 1, true ]
